{
  "name": "hiredis",
  "version": "unknown",
  "weeklyDownloads": 0,
  "status": "use-alternative",
  "category": "native-module",
  "notes": "Native C++ Redis client",
  "alternative": "ioredis",
  "investigated": true,
  "errorMessage": "Command failed: npm install\nnpm warn deprecated rollup-plugin-inject@3.0.2: This package has been deprecated and is no longer maintained. Please use @rollup/plugin-inject.\nnpm warn deprecated sourcemap-codec@1.4.8: Please use @jridgewell/sourcemap-codec instead\nnpm error code 1\nnpm error path /Users/steve/works-on-workers/packages/test-harness/sandbox/hiredis/node_modules/hiredis\nnpm error command failed\nnpm error command sh -c node-gyp rebuild\nnpm error CC(target) Release/obj.target/hiredis-c/deps/hiredis/sds.o\nnpm error   CC(target) Release/obj.target/hiredis-c/deps/hiredis/read.o\nnpm error   LIBTOOL-STATIC Release/hiredis-c.a\nnpm error   CXX(target) Release/obj.target/hiredis/src/hiredis.o\nnpm error   CXX(target) Release/obj.target/hiredis/src/reader.o\nnpm error gyp info it worked if it ends with ok\nnpm error gyp info using node-gyp@11.2.0\nnpm error gyp info using node@24.3.0 | darwin | arm64\nnpm error gyp info find Python using Python version 3.9.6 found at \"/Library/Developer/CommandLineTools/usr/bin/python3\"\nnpm error gyp info spawn /Library/Developer/CommandLineTools/usr/bin/python3\nnpm error gyp info spawn args [\nnpm error gyp info spawn args '/Users/steve/.nvm/versions/node/v24.3.0/lib/node_modules/npm/node_modules/node-gyp/gyp/gyp_main.py',\nnpm error gyp info spawn args 'binding.gyp',\nnpm error gyp info spawn args '-f',\nnpm error gyp info spawn args 'make',\nnpm error gyp info spawn args '-I',\nnpm error gyp info spawn args '/Users/steve/works-on-workers/packages/test-harness/sandbox/hiredis/node_modules/hiredis/build/config.gypi',\nnpm error gyp info spawn args '-I',\nnpm error gyp info spawn args '/Users/steve/.nvm/versions/node/v24.3.0/lib/node_modules/npm/node_modules/node-gyp/addon.gypi',\nnpm error gyp info spawn args '-I',\nnpm error gyp info spawn args '/Users/steve/Library/Caches/node-gyp/24.3.0/include/node/common.gypi',\nnpm error gyp info spawn args '-Dlibrary=shared_library',\nnpm error gyp info spawn args '-Dvisibility=default',\nnpm error gyp info spawn args '-Dnode_root_dir=/Users/steve/Library/Caches/node-gyp/24.3.0',\nnpm error gyp info spawn args '-Dnode_gyp_dir=/Users/steve/.nvm/versions/node/v24.3.0/lib/node_modules/npm/node_modules/node-gyp',\nnpm error gyp info spawn args '-Dnode_lib_file=/Users/steve/Library/Caches/node-gyp/24.3.0/<(target_arch)/node.lib',\nnpm error gyp info spawn args '-Dmodule_root_dir=/Users/steve/works-on-workers/packages/test-harness/sandbox/hiredis/node_modules/hiredis',\nnpm error gyp info spawn args '-Dnode_engine=v8',\nnpm error gyp info spawn args '--depth=.',\nnpm error gyp info spawn args '--no-parallel',\nnpm error gyp info spawn args '--generator-output',\nnpm error gyp info spawn args 'build',\nnpm error gyp info spawn args '-Goutput_dir=.'\nnpm error gyp info spawn args ]\nnpm error gyp info spawn make\nnpm error gyp info spawn args [ 'BUILDTYPE=Release', '-C', 'build' ]\nnpm error ../src/hiredis.cc:9:5: warning: cast from 'void (*)(Nan::ADDON_REGISTER_FUNCTION_ARGS_TYPE)' (aka 'void (*)(Local<v8::Object>)') to 'node::addon_register_func' (aka 'void (*)(v8::Local<v8::Object>, v8::Local<v8::Value>, void *)') converts to incompatible function type [-Wcast-function-type-mismatch]\nnpm error     9 |     NODE_MODULE(hiredis, init)\nnpm error       |     ^~~~~~~~~~~~~~~~~~~~~~~~~~\nnpm error /Users/steve/Library/Caches/node-gyp/24.3.0/include/node/node.h:1297:3: note: expanded from macro 'NODE_MODULE'\nnpm error  1297 |   NODE_MODULE_X(modname, regfunc, NULL, 0)  // NOLINT (readability/null_usage)\nnpm error       |   ^~~~~~~~~~~~~~~~~~~~~~~~~~~~~~~~~~~~~~~~\nnpm error /Users/steve/Library/Caches/node-gyp/24.3.0/include/node/node.h:1263:7: note: expanded from macro 'NODE_MODULE_X'\nnpm error  1263 |       (node::addon_register_func) (regfunc),                          \\\nnpm error       |       ^~~~~~~~~~~~~~~~~~~~~~~~~~~~~~~~~~~~~\nnpm error In file included from ../src/hiredis.cc:1:\nnpm error In file included from ../src/reader.h:1:\nnpm error In file included from ../../nan/nan.h:67:\nnpm error In file included from /Users/steve/Library/Caches/node-gyp/24.3.0/include/node/node.h:74:\nnpm error In file included from /Users/steve/Library/Caches/node-gyp/24.3.0/include/node/v8.h:24:\nnpm error In file included from /Users/steve/Library/Caches/node-gyp/24.3.0/include/node/v8-array-buffer.h:14:\nnpm error In file included from /Users/steve/Library/Caches/node-gyp/24.3.0/include/node/v8-object.h:11:\nnpm error /Users/steve/Library/Caches/node-gyp/24.3.0/include/node/v8-persistent-handle.h:493:26: warning: cast from 'typename WeakCallbackInfo<ObjectWrap>::Callback' (aka 'void (*)(const WeakCallbackInfo<ObjectWrap> &)') to 'Callback' (aka 'void (*)(const WeakCallbackInfo<void> &)') converts to incompatible function type [-Wcast-function-type-mismatch]\nnpm error   493 |                          reinterpret_cast<Callback>(callback), type);\nnpm error       |                          ^~~~~~~~~~~~~~~~~~~~~~~~~~~~~~~~~~~~\nnpm error /Users/steve/Library/Caches/node-gyp/24.3.0/include/node/node_object_wrap.h:85:18: note: in instantiation of function template specialization 'v8::PersistentBase<v8::Object>::SetWeak<node::ObjectWrap>' requested here\nnpm error    85 |     persistent().SetWeak(this, WeakCallback, v8::WeakCallbackType::kParameter);\nnpm error       |                  ^\nnpm error In file included from ../src/hiredis.cc:1:\nnpm error In file included from ../src/reader.h:1:\nnpm error In file included from ../../nan/nan.h:67:\nnpm error In file included from /Users/steve/Library/Caches/node-gyp/24.3.0/include/node/node.h:74:\nnpm error In file included from /Users/steve/Library/Caches/node-gyp/24.3.0/include/node/v8.h:24:\nnpm error In file included from /Users/steve/Library/Caches/node-gyp/24.3.0/include/node/v8-array-buffer.h:14:\nnpm error In file included from /Users/steve/Library/Caches/node-gyp/24.3.0/include/node/v8-object.h:11:\nnpm error /Users/steve/Library/Caches/node-gyp/24.3.0/include/node/v8-persistent-handle.h:493:26: warning: cast from 'typename WeakCallbackInfo<ObjectWrap>::Callback' (aka 'void (*)(const WeakCallbackInfo<ObjectWrap> &)') to 'Callback' (aka 'void (*)(const WeakCallbackInfo<void> &)') converts to incompatible function type [-Wcast-function-type-mismatch]\nnpm error   493 |                          reinterpret_cast<Callback>(callback), type);\nnpm error       |                          ^~~~~~~~~~~~~~~~~~~~~~~~~~~~~~~~~~~~\nnpm error ../../nan/nan_object_wrap.h:64:50: note: in instantiation of function template specialization 'v8::PersistentBase<v8::Object>::SetWeak<Nan::ObjectWrap>' requested here\nnpm error    64 |     persistent().v8::PersistentBase<v8::Object>::SetWeak(\nnpm error       |                                                  ^\nnpm error 3 warnings generated.\nnpm error ../src/reader.cc:21:17: error: no matching member function for call to 'Set'\nnpm error    21 |         larray->Set(task->idx,v);\nnpm error       |         ~~~~~~~~^~~\nnpm error /Users/steve/Library/Caches/node-gyp/24.3.0/include/node/v8-object.h:239:37: note: candidate function not viable: requires 3 arguments, but 2 were provided\nnpm error   239 |   V8_WARN_UNUSED_RESULT Maybe<bool> Set(Local<Context> context,\nnpm error       |                                     ^   ~~~~~~~~~~~~~~~~~~~~~~~\nnpm error   240 |                                         Local<Value> key, Local<Value> value);\nnpm error       |                                         ~~~~~~~~~~~~~~~~~~~~~~~~~~~~~~~~~~~~\nnpm error /Users/steve/Library/Caches/node-gyp/24.3.0/include/node/v8-object.h:245:37: note: candidate function not viable: requires 3 arguments, but 2 were provided\nnpm error   245 |   V8_WARN_UNUSED_RESULT Maybe<bool> Set(Local<Context> context, uint32_t index,\nnpm error       |                                     ^   ~~~~~~~~~~~~~~~~~~~~~~~~~~~~~~~~~~~~~~~\nnpm error   246 |                                         Local<Value> value);\nnpm error       |                                         ~~~~~~~~~~~~~~~~~~\nnpm error /Users/steve/Library/Caches/node-gyp/24.3.0/include/node/v8-object.h:241:37: note: candidate function not viable: requires 4 arguments, but 2 were provided\nnpm error   241 |   V8_WARN_UNUSED_RESULT Maybe<bool> Set(Local<Context> context,\nnpm error       |                                     ^   ~~~~~~~~~~~~~~~~~~~~~~~\nnpm error   242 |                                         Local<Value> key, Local<Value> value,\nnpm error       |                                         ~~~~~~~~~~~~~~~~~~~~~~~~~~~~~~~~~~~~~\nnpm error   243 |                                         MaybeLocal<Object> receiver);\nnpm error       |                                         ~~~~~~~~~~~~~~~~~~~~~~~~~~~\nnpm error ../src/reader.cc:55:42: error: too few arguments to function call, single argument 'context' was not specified\nnpm error    55 |         v = Exception::Error(v->ToString());\nnpm error       |                              ~~~~~~~~~~~ ^\nnpm error /Users/steve/Library/Caches/node-gyp/24.3.0/include/node/v8-value.h:399:44: note: 'ToString' declared here\nnpm error   399 |   V8_WARN_UNUSED_RESULT MaybeLocal<String> ToString(\nnpm error       |                                            ^\nnpm error   400 |       Local<Context> context) const;\nnpm error       |       ~~~~~~~~~~~~~~~~~~~~~~\nnpm error ../src/reader.cc:55:30: error: no viable conversion from 'MaybeLocal<String>' to 'Local<String>'\nnpm error    55 |         v = Exception::Error(v->ToString());\nnpm error       |                              ^~~~~~~~~~~~~\nnpm error /Users/steve/Library/Caches/node-gyp/24.3.0/include/node/v8-local-handle.h:261:22: note: candidate constructor (the implicit copy constructor) not viable: no known conversion from 'MaybeLocal<String>' to 'const Local<String> &' for 1st argument\nnpm error   261 | class V8_TRIVIAL_ABI Local : public LocalBase<T>,\nnpm error       |                      ^~~~~\nnpm error /Users/steve/Library/Caches/node-gyp/24.3.0/include/node/v8-local-handle.h:261:22: note: candidate constructor (the implicit move constructor) not viable: no known conversion from 'MaybeLocal<String>' to 'Local<String> &&' for 1st argument\nnpm error   261 | class V8_TRIVIAL_ABI Local : public LocalBase<T>,\nnpm error       |                      ^~~~~\nnpm error /Users/steve/Library/Caches/node-gyp/24.3.0/include/node/v8-local-handle.h:281:13: note: candidate template ignored: could not match 'Local' against 'MaybeLocal'\nnpm error   281 |   V8_INLINE Local(Local<S> that) : LocalBase<T>(that) {}\nnpm error       |             ^\nnpm error /Users/steve/Library/Caches/node-gyp/24.3.0/include/node/v8-local-handle.h:405:12: note: explicit constructor is not a candidate\nnpm error   405 |   explicit Local(no_checking_tag do_not_check)\nnpm error       |            ^\nnpm error /Users/steve/Library/Caches/node-gyp/24.3.0/include/node/v8-local-handle.h:410:22: note: explicit constructor is not a candidate\nnpm error   410 |   V8_INLINE explicit Local(const LocalBase<T>& other) : LocalBase<T>(other) {}\nnpm error       |                      ^\nnpm error /Users/steve/Library/Caches/node-gyp/24.3.0/include/node/v8-exception.h:50:43: note: passing argument to parameter 'message' here\nnpm error    50 |   static Local<Value> Error(Local<String> message, Local<Value> options = {});\nnpm error       |                                           ^\nnpm error In file included from ../src/reader.cc:3:\nnpm error In file included from ../src/reader.h:1:\nnpm error In file included from ../../nan/nan.h:67:\nnpm error In file included from /Users/steve/Library/Caches/node-gyp/24.3.0/include/node/node.h:74:\nnpm error In file included from /Users/steve/Library/Caches/node-gyp/24.3.0/include/node/v8.h:24:\nnpm error In file included from /Users/steve/Library/Caches/node-gyp/24.3.0/include/node/v8-array-buffer.h:14:\nnpm error In file included from /Users/steve/Library/Caches/node-gyp/24.3.0/include/node/v8-object.h:11:\nnpm error /Users/steve/Library/Caches/node-gyp/24.3.0/include/node/v8-persistent-handle.h:493:26: warning: cast from 'typename WeakCallbackInfo<ObjectWrap>::Callback' (aka 'void (*)(const WeakCallbackInfo<ObjectWrap> &)') to 'Callback' (aka 'void (*)(const WeakCallbackInfo<void> &)') converts to incompatible function type [-Wcast-function-type-mismatch]\nnpm error   493 |                          reinterpret_cast<Callback>(callback), type);\nnpm error       |                          ^~~~~~~~~~~~~~~~~~~~~~~~~~~~~~~~~~~~\nnpm error /Users/steve/Library/Caches/node-gyp/24.3.0/include/node/node_object_wrap.h:85:18: note: in instantiation of function template specialization 'v8::PersistentBase<v8::Object>::SetWeak<node::ObjectWrap>' requested here\nnpm error    85 |     persistent().SetWeak(this, WeakCallback, v8::WeakCallbackType::kParameter);\nnpm error       |                  ^\nnpm error In file included from ../src/reader.cc:3:\nnpm error In file included from ../src/reader.h:1:\nnpm error In file included from ../../nan/nan.h:67:\nnpm error In file included from /Users/steve/Library/Caches/node-gyp/24.3.0/include/node/node.h:74:\nnpm error In file included from /Users/steve/Library/Caches/node-gyp/24.3.0/include/node/v8.h:24:\nnpm error In file included from /Users/steve/Library/Caches/node-gyp/24.3.0/include/node/v8-array-buffer.h:14:\nnpm error In file included from /Users/steve/Library/Caches/node-gyp/24.3.0/include/node/v8-object.h:11:\nnpm error /Users/steve/Library/Caches/node-gyp/24.3.0/include/node/v8-persistent-handle.h:493:26: warning: cast from 'typename WeakCallbackInfo<ObjectWrap>::Callback' (aka 'void (*)(const WeakCallbackInfo<ObjectWrap> &)') to 'Callback' (aka 'void (*)(const WeakCallbackInfo<void> &)') converts to incompatible function type [-Wcast-function-type-mismatch]\nnpm error   493 |                          reinterpret_cast<Callback>(callback), type);\nnpm error       |                          ^~~~~~~~~~~~~~~~~~~~~~~~~~~~~~~~~~~~\nnpm error ../../nan/nan_object_wrap.h:64:50: note: in instantiation of function template specialization 'v8::PersistentBase<v8::Object>::SetWeak<Nan::ObjectWrap>' requested here\nnpm error    64 |     persistent().v8::PersistentBase<v8::Object>::SetWeak(\nnpm error       |                                                  ^\nnpm error 2 warnings and 3 errors generated.\nnpm error make: *** [Release/obj.target/hiredis/src/reader.o] Error 1\nnpm error gyp ERR! build error \nnpm error gyp ERR! stack Error: `make` failed with exit code: 2\nnpm error gyp ERR! stack at ChildProcess.<anonymous> (/Users/steve/.nvm/versions/node/v24.3.0/lib/node_modules/npm/node_modules/node-gyp/lib/build.js:219:23)\nnpm error gyp ERR! System Darwin 25.2.0\nnpm error gyp ERR! command \"/Users/steve/.nvm/versions/node/v24.3.0/bin/node\" \"/Users/steve/.nvm/versions/node/v24.3.0/lib/node_modules/npm/node_modules/node-gyp/bin/node-gyp.js\" \"rebuild\"\nnpm error gyp ERR! cwd /Users/steve/works-on-workers/packages/test-harness/sandbox/hiredis/node_modules/hiredis\nnpm error gyp ERR! node -v v24.3.0\nnpm error gyp ERR! node-gyp -v v11.2.0\nnpm error gyp ERR! not ok\nnpm error A complete log of this run can be found in: /Users/steve/.npm/_logs/2026-01-09T05_55_13_291Z-debug-0.log\n",
  "testedWith": {
    "wranglerVersion": "3.114.16",
    "compatibilityDate": "2026-01-08",
    "nodeCompat": true
  },
  "lastTested": "2026-01-09T05:55:20.666Z",
  "testedBy": "automated"
}